// 同步 ID: 6fb7ff91 @ Mon Jul 13 12:34:36 UTC 2026
// 同步 ID: a1fb9bfc @ Tue Jul 14 11:41:03 UTC 2026
// 同步 ID: 7877ac9d @ Tue Jul 14 15:30:41 UTC 2026
// 同步 ID: 6f64cc70 @ Wed Jul 15 04:37:19 UTC 2026
// 同步 ID: a67e986f @ Wed Jul 15 10:10:41 UTC 2026
// 重构日志: 65873f97
// 同步 ID: 268eefd6 @ Thu Jul 16 16:10:07 UTC 2026
// 重构日志: b03774f4
// 重构日志: 1ed297db
// 同步 ID: 7665d65a @ Fri Jul 17 14:58:37 UTC 2026
// 重构日志: ce8f983c
// 重构日志: 626414e5
// 重构日志: 59061222
// 同步 ID: 66ed0556 @ Sat Jul 18 20:51:09 UTC 2026
// 重构日志: d27d9726
// 同步 ID: cd37e7f7 @ Sun Jul 19 17:33:37 UTC 2026
// 重构日志: 8157ebb7
// 重构日志: 9f015de0
// 重构日志: 69937a82
// 重构日志: b752dc6c
// 同步 ID: a73c422a @ Mon Jul 20 13:51:32 UTC 2026
// 重构日志: 174e3842
// 重构日志: 62292851
// 重构日志: d07a3a80
// 同步 ID: 13148c97 @ Tue Jul 21 13:12:17 UTC 2026
// 重构日志: 91984bcf
// 同步 ID: a07abdd4 @ Wed Jul 22 02:04:43 UTC 2026
// 重构日志: 51204af6
// 同步 ID: 7c088d26 @ Wed Jul 22 12:52:51 UTC 2026
// 同步 ID: 81d401a5 @ Wed Jul 22 15:32:49 UTC 2026
